{"F:\\Kodia\\GitHub\\vue-fitness-progression\\src\\constants\\globals.js": {"path":"F:\\Kodia\\GitHub\\vue-fitness-progression\\src\\constants\\globals.js","statementMap":{"0":{"start":{"line":1,"column":24},"end":{"line":16,"column":2}},"1":{"start":{"line":18,"column":25},"end":{"line":32,"column":2}},"2":{"start":{"line":34,"column":21},"end":{"line":41,"column":2}},"3":{"start":{"line":43,"column":25},"end":{"line":46,"column":2}},"4":{"start":{"line":48,"column":28},"end":{"line":55,"column":2}},"5":{"start":{"line":57,"column":21},"end":{"line":57,"column":38}},"6":{"start":{"line":59,"column":21},"end":{"line":67,"column":2}},"7":{"start":{"line":69,"column":20},"end":{"line":76,"column":2}},"8":{"start":{"line":78,"column":23},"end":{"line":83,"column":2}},"9":{"start":{"line":85,"column":22},"end":{"line":92,"column":2}},"10":{"start":{"line":94,"column":15},"end":{"line":94,"column":23}},"11":{"start":{"line":96,"column":22},"end":{"line":99,"column":2}},"12":{"start":{"line":101,"column":13},"end":{"line":101,"column":19}},"13":{"start":{"line":103,"column":20},"end":{"line":108,"column":2}}},"fnMap":{},"branchMap":{},"s":{"0":4,"1":4,"2":4,"3":4,"4":4,"5":4,"6":4,"7":4,"8":4,"9":4,"10":4,"11":4,"12":4,"13":4},"f":{},"b":{},"_coverageSchema":"43e27e138ebf9cfc5966b082cf9a028302ed4184","hash":"acdd94e7ba2c24b2f63066202df9dec4ccf7c805"}
,"F:\\Kodia\\GitHub\\vue-fitness-progression\\src\\models\\Exercise.js": {"path":"F:\\Kodia\\GitHub\\vue-fitness-progression\\src\\models\\Exercise.js","statementMap":{"0":{"start":{"line":14,"column":4},"end":{"line":14,"column":54}},"1":{"start":{"line":15,"column":4},"end":{"line":15,"column":28}},"2":{"start":{"line":16,"column":4},"end":{"line":16,"column":30}},"3":{"start":{"line":17,"column":4},"end":{"line":17,"column":24}}},"fnMap":{"0":{"name":"(anonymous_0)","decl":{"start":{"line":5,"column":2},"end":{"line":5,"column":3}},"loc":{"start":{"line":13,"column":10},"end":{"line":18,"column":3}},"line":13}},"branchMap":{"0":{"loc":{"start":{"line":5,"column":14},"end":{"line":13,"column":8}},"type":"default-arg","locations":[{"start":{"line":13,"column":6},"end":{"line":13,"column":8}}],"line":5},"1":{"loc":{"start":{"line":10,"column":4},"end":{"line":10,"column":28}},"type":"default-arg","locations":[{"start":{"line":10,"column":15},"end":{"line":10,"column":28}}],"line":10},"2":{"loc":{"start":{"line":11,"column":4},"end":{"line":11,"column":30}},"type":"default-arg","locations":[{"start":{"line":11,"column":16},"end":{"line":11,"column":30}}],"line":11},"3":{"loc":{"start":{"line":12,"column":4},"end":{"line":12,"column":15}},"type":"default-arg","locations":[{"start":{"line":12,"column":13},"end":{"line":12,"column":15}}],"line":12}},"s":{"0":77,"1":77,"2":77,"3":77},"f":{"0":77},"b":{"0":[1],"1":[1],"2":[1],"3":[1]},"_coverageSchema":"43e27e138ebf9cfc5966b082cf9a028302ed4184","hash":"b2413dc83af973d19bb5b84722179af0adc6442b"}
,"F:\\Kodia\\GitHub\\vue-fitness-progression\\src\\models\\ExerciseInput.js": {"path":"F:\\Kodia\\GitHub\\vue-fitness-progression\\src\\models\\ExerciseInput.js","statementMap":{"0":{"start":{"line":5,"column":4},"end":{"line":5,"column":22}},"1":{"start":{"line":6,"column":4},"end":{"line":6,"column":20}}},"fnMap":{"0":{"name":"(anonymous_0)","decl":{"start":{"line":4,"column":2},"end":{"line":4,"column":3}},"loc":{"start":{"line":4,"column":62},"end":{"line":7,"column":3}},"line":4}},"branchMap":{"0":{"loc":{"start":{"line":4,"column":14},"end":{"line":4,"column":60}},"type":"default-arg","locations":[{"start":{"line":4,"column":58},"end":{"line":4,"column":60}}],"line":4},"1":{"loc":{"start":{"line":4,"column":16},"end":{"line":4,"column":42}},"type":"default-arg","locations":[{"start":{"line":4,"column":24},"end":{"line":4,"column":42}}],"line":4},"2":{"loc":{"start":{"line":4,"column":44},"end":{"line":4,"column":53}},"type":"default-arg","locations":[{"start":{"line":4,"column":51},"end":{"line":4,"column":53}}],"line":4}},"s":{"0":186,"1":186},"f":{"0":186},"b":{"0":[1],"1":[1],"2":[99]},"_coverageSchema":"43e27e138ebf9cfc5966b082cf9a028302ed4184","hash":"7bb7fd7cb439796a65de1c742f7d1bc0cb7edbee"}
,"F:\\Kodia\\GitHub\\vue-fitness-progression\\src\\models\\ExerciseRecord.js": {"path":"F:\\Kodia\\GitHub\\vue-fitness-progression\\src\\models\\ExerciseRecord.js","statementMap":{"0":{"start":{"line":5,"column":4},"end":{"line":5,"column":34}},"1":{"start":{"line":6,"column":4},"end":{"line":6,"column":20}},"2":{"start":{"line":7,"column":4},"end":{"line":7,"column":32}}},"fnMap":{"0":{"name":"(anonymous_0)","decl":{"start":{"line":4,"column":2},"end":{"line":4,"column":3}},"loc":{"start":{"line":4,"column":74},"end":{"line":8,"column":3}},"line":4}},"branchMap":{"0":{"loc":{"start":{"line":4,"column":14},"end":{"line":4,"column":72}},"type":"default-arg","locations":[{"start":{"line":4,"column":70},"end":{"line":4,"column":72}}],"line":4},"1":{"loc":{"start":{"line":4,"column":37},"end":{"line":4,"column":46}},"type":"default-arg","locations":[{"start":{"line":4,"column":44},"end":{"line":4,"column":46}}],"line":4},"2":{"loc":{"start":{"line":4,"column":48},"end":{"line":4,"column":65}},"type":"default-arg","locations":[{"start":{"line":4,"column":61},"end":{"line":4,"column":65}}],"line":4}},"s":{"0":2,"1":2,"2":2},"f":{"0":2},"b":{"0":[1],"1":[1],"2":[1]},"_coverageSchema":"43e27e138ebf9cfc5966b082cf9a028302ed4184","hash":"d308d40ac2a40eddce9b93b3f164f099af1cdf74"}
,"F:\\Kodia\\GitHub\\vue-fitness-progression\\src\\models\\ExerciseSet.js": {"path":"F:\\Kodia\\GitHub\\vue-fitness-progression\\src\\models\\ExerciseSet.js","statementMap":{"0":{"start":{"line":3,"column":4},"end":{"line":3,"column":24}},"1":{"start":{"line":4,"column":4},"end":{"line":4,"column":20}},"2":{"start":{"line":5,"column":4},"end":{"line":5,"column":28}},"3":{"start":{"line":6,"column":4},"end":{"line":6,"column":28}}},"fnMap":{"0":{"name":"(anonymous_0)","decl":{"start":{"line":2,"column":2},"end":{"line":2,"column":3}},"loc":{"start":{"line":2,"column":73},"end":{"line":7,"column":3}},"line":2}},"branchMap":{"0":{"loc":{"start":{"line":2,"column":14},"end":{"line":2,"column":71}},"type":"default-arg","locations":[{"start":{"line":2,"column":69},"end":{"line":2,"column":71}}],"line":2},"1":{"loc":{"start":{"line":2,"column":16},"end":{"line":2,"column":26}},"type":"default-arg","locations":[{"start":{"line":2,"column":25},"end":{"line":2,"column":26}}],"line":2},"2":{"loc":{"start":{"line":2,"column":28},"end":{"line":2,"column":36}},"type":"default-arg","locations":[{"start":{"line":2,"column":35},"end":{"line":2,"column":36}}],"line":2},"3":{"loc":{"start":{"line":2,"column":38},"end":{"line":2,"column":50}},"type":"default-arg","locations":[{"start":{"line":2,"column":49},"end":{"line":2,"column":50}}],"line":2},"4":{"loc":{"start":{"line":2,"column":52},"end":{"line":2,"column":64}},"type":"default-arg","locations":[{"start":{"line":2,"column":63},"end":{"line":2,"column":64}}],"line":2}},"s":{"0":2,"1":2,"2":2,"3":2},"f":{"0":2},"b":{"0":[1],"1":[1],"2":[1],"3":[1],"4":[1]},"_coverageSchema":"43e27e138ebf9cfc5966b082cf9a028302ed4184","hash":"95c845df6ced7dd4f315628d32bafa232eb58ecf"}
,"F:\\Kodia\\GitHub\\vue-fitness-progression\\src\\models\\Workout.js": {"path":"F:\\Kodia\\GitHub\\vue-fitness-progression\\src\\models\\Workout.js","statementMap":{"0":{"start":{"line":11,"column":4},"end":{"line":11,"column":54}},"1":{"start":{"line":12,"column":4},"end":{"line":12,"column":34}}},"fnMap":{"0":{"name":"(anonymous_0)","decl":{"start":{"line":4,"column":2},"end":{"line":4,"column":3}},"loc":{"start":{"line":10,"column":10},"end":{"line":13,"column":3}},"line":10}},"branchMap":{"0":{"loc":{"start":{"line":4,"column":14},"end":{"line":10,"column":8}},"type":"default-arg","locations":[{"start":{"line":10,"column":6},"end":{"line":10,"column":8}}],"line":4},"1":{"loc":{"start":{"line":9,"column":4},"end":{"line":9,"column":20}},"type":"default-arg","locations":[{"start":{"line":9,"column":18},"end":{"line":9,"column":20}}],"line":9}},"s":{"0":7,"1":7},"f":{"0":7},"b":{"0":[1],"1":[1]},"_coverageSchema":"43e27e138ebf9cfc5966b082cf9a028302ed4184","hash":"1d4e95a64ec4a23dac72475946246f9aad8d319e"}
,"F:\\Kodia\\GitHub\\vue-fitness-progression\\src\\models\\WorkoutRecord.js": {"path":"F:\\Kodia\\GitHub\\vue-fitness-progression\\src\\models\\WorkoutRecord.js","statementMap":{"0":{"start":{"line":5,"column":4},"end":{"line":5,"column":34}},"1":{"start":{"line":6,"column":4},"end":{"line":6,"column":28}},"2":{"start":{"line":7,"column":4},"end":{"line":7,"column":30}}},"fnMap":{"0":{"name":"(anonymous_0)","decl":{"start":{"line":4,"column":2},"end":{"line":4,"column":3}},"loc":{"start":{"line":4,"column":76},"end":{"line":8,"column":3}},"line":4}},"branchMap":{"0":{"loc":{"start":{"line":4,"column":14},"end":{"line":4,"column":74}},"type":"default-arg","locations":[{"start":{"line":4,"column":72},"end":{"line":4,"column":74}}],"line":4},"1":{"loc":{"start":{"line":4,"column":37},"end":{"line":4,"column":49}},"type":"default-arg","locations":[{"start":{"line":4,"column":48},"end":{"line":4,"column":49}}],"line":4},"2":{"loc":{"start":{"line":4,"column":51},"end":{"line":4,"column":67}},"type":"default-arg","locations":[{"start":{"line":4,"column":63},"end":{"line":4,"column":67}}],"line":4}},"s":{"0":2,"1":2,"2":2},"f":{"0":2},"b":{"0":[1],"1":[1],"2":[1]},"_coverageSchema":"43e27e138ebf9cfc5966b082cf9a028302ed4184","hash":"9e404445a41a2f8612f5c245dc9fad0ac6d2107f"}
,"F:\\Kodia\\GitHub\\vue-fitness-progression\\src\\models\\_Activity.js": {"path":"F:\\Kodia\\GitHub\\vue-fitness-progression\\src\\models\\_Activity.js","statementMap":{"0":{"start":{"line":10,"column":4},"end":{"line":10,"column":17}},"1":{"start":{"line":11,"column":4},"end":{"line":11,"column":20}},"2":{"start":{"line":12,"column":4},"end":{"line":12,"column":34}},"3":{"start":{"line":13,"column":4},"end":{"line":13,"column":44}}},"fnMap":{"0":{"name":"(anonymous_0)","decl":{"start":{"line":4,"column":2},"end":{"line":4,"column":3}},"loc":{"start":{"line":9,"column":10},"end":{"line":14,"column":3}},"line":9}},"branchMap":{"0":{"loc":{"start":{"line":4,"column":14},"end":{"line":9,"column":8}},"type":"default-arg","locations":[{"start":{"line":9,"column":6},"end":{"line":9,"column":8}}],"line":4},"1":{"loc":{"start":{"line":6,"column":4},"end":{"line":6,"column":13}},"type":"default-arg","locations":[{"start":{"line":6,"column":11},"end":{"line":6,"column":13}}],"line":6},"2":{"loc":{"start":{"line":7,"column":4},"end":{"line":7,"column":20}},"type":"default-arg","locations":[{"start":{"line":7,"column":18},"end":{"line":7,"column":20}}],"line":7},"3":{"loc":{"start":{"line":8,"column":4},"end":{"line":8,"column":27}},"type":"default-arg","locations":[{"start":{"line":8,"column":23},"end":{"line":8,"column":27}}],"line":8}},"s":{"0":86,"1":86,"2":86,"3":86},"f":{"0":86},"b":{"0":[1],"1":[3],"2":[3],"3":[83]},"_coverageSchema":"43e27e138ebf9cfc5966b082cf9a028302ed4184","hash":"9b6f6b887a7c44a01b5ae89a8076891a5eee52d6"}
,"F:\\Kodia\\GitHub\\vue-fitness-progression\\src\\models\\_Entity.js": {"path":"F:\\Kodia\\GitHub\\vue-fitness-progression\\src\\models\\_Entity.js","statementMap":{"0":{"start":{"line":5,"column":4},"end":{"line":5,"column":16}}},"fnMap":{"0":{"name":"(anonymous_0)","decl":{"start":{"line":4,"column":2},"end":{"line":4,"column":3}},"loc":{"start":{"line":4,"column":36},"end":{"line":6,"column":3}},"line":4}},"branchMap":{"0":{"loc":{"start":{"line":4,"column":14},"end":{"line":4,"column":34}},"type":"default-arg","locations":[{"start":{"line":4,"column":32},"end":{"line":4,"column":34}}],"line":4},"1":{"loc":{"start":{"line":4,"column":16},"end":{"line":4,"column":27}},"type":"default-arg","locations":[{"start":{"line":4,"column":21},"end":{"line":4,"column":27}}],"line":4}},"s":{"0":94},"f":{"0":94},"b":{"0":[1],"1":[87]},"_coverageSchema":"43e27e138ebf9cfc5966b082cf9a028302ed4184","hash":"27b6bb6c74d8a051a77356266700d6776f91279a"}
,"F:\\Kodia\\GitHub\\vue-fitness-progression\\src\\models\\_Record.js": {"path":"F:\\Kodia\\GitHub\\vue-fitness-progression\\src\\models\\_Record.js","statementMap":{"0":{"start":{"line":5,"column":4},"end":{"line":5,"column":17}},"1":{"start":{"line":6,"column":4},"end":{"line":6,"column":30}},"2":{"start":{"line":7,"column":4},"end":{"line":7,"column":20}}},"fnMap":{"0":{"name":"(anonymous_0)","decl":{"start":{"line":4,"column":2},"end":{"line":4,"column":3}},"loc":{"start":{"line":4,"column":62},"end":{"line":8,"column":3}},"line":4}},"branchMap":{"0":{"loc":{"start":{"line":4,"column":14},"end":{"line":4,"column":60}},"type":"default-arg","locations":[{"start":{"line":4,"column":58},"end":{"line":4,"column":60}}],"line":4},"1":{"loc":{"start":{"line":4,"column":20},"end":{"line":4,"column":42}},"type":"default-arg","locations":[{"start":{"line":4,"column":32},"end":{"line":4,"column":42}}],"line":4},"2":{"loc":{"start":{"line":4,"column":44},"end":{"line":4,"column":53}},"type":"default-arg","locations":[{"start":{"line":4,"column":51},"end":{"line":4,"column":53}}],"line":4}},"s":{"0":6,"1":6,"2":6},"f":{"0":6},"b":{"0":[1],"1":[3],"2":[3]},"_coverageSchema":"43e27e138ebf9cfc5966b082cf9a028302ed4184","hash":"04372c62249756dd59649d5bdbd0bf83b4fe2c3e"}
,"F:\\Kodia\\GitHub\\vue-fitness-progression\\src\\utils\\common.js": {"path":"F:\\Kodia\\GitHub\\vue-fitness-progression\\src\\utils\\common.js","statementMap":{"0":{"start":{"line":1,"column":31},"end":{"line":3,"column":1}},"1":{"start":{"line":2,"column":2},"end":{"line":2,"column":53}},"2":{"start":{"line":5,"column":23},"end":{"line":7,"column":1}},"3":{"start":{"line":6,"column":2},"end":{"line":6,"column":46}},"4":{"start":{"line":9,"column":21},"end":{"line":11,"column":1}},"5":{"start":{"line":10,"column":2},"end":{"line":10,"column":46}},"6":{"start":{"line":13,"column":27},"end":{"line":20,"column":1}},"7":{"start":{"line":14,"column":2},"end":{"line":19,"column":3}},"8":{"start":{"line":22,"column":22},"end":{"line":24,"column":1}},"9":{"start":{"line":23,"column":2},"end":{"line":23,"column":23}},"10":{"start":{"line":26,"column":23},"end":{"line":28,"column":1}},"11":{"start":{"line":27,"column":2},"end":{"line":27,"column":24}},"12":{"start":{"line":30,"column":24},"end":{"line":32,"column":1}},"13":{"start":{"line":31,"column":2},"end":{"line":31,"column":48}}},"fnMap":{"0":{"name":"(anonymous_0)","decl":{"start":{"line":1,"column":31},"end":{"line":1,"column":32}},"loc":{"start":{"line":1,"column":42},"end":{"line":3,"column":1}},"line":1},"1":{"name":"(anonymous_1)","decl":{"start":{"line":5,"column":23},"end":{"line":5,"column":24}},"loc":{"start":{"line":5,"column":34},"end":{"line":7,"column":1}},"line":5},"2":{"name":"(anonymous_2)","decl":{"start":{"line":9,"column":21},"end":{"line":9,"column":22}},"loc":{"start":{"line":9,"column":32},"end":{"line":11,"column":1}},"line":9},"3":{"name":"(anonymous_3)","decl":{"start":{"line":13,"column":27},"end":{"line":13,"column":28}},"loc":{"start":{"line":13,"column":38},"end":{"line":20,"column":1}},"line":13},"4":{"name":"(anonymous_4)","decl":{"start":{"line":22,"column":22},"end":{"line":22,"column":23}},"loc":{"start":{"line":22,"column":33},"end":{"line":24,"column":1}},"line":22},"5":{"name":"(anonymous_5)","decl":{"start":{"line":26,"column":23},"end":{"line":26,"column":24}},"loc":{"start":{"line":26,"column":34},"end":{"line":28,"column":1}},"line":26},"6":{"name":"(anonymous_6)","decl":{"start":{"line":30,"column":24},"end":{"line":30,"column":25}},"loc":{"start":{"line":30,"column":33},"end":{"line":32,"column":1}},"line":30}},"branchMap":{"0":{"loc":{"start":{"line":2,"column":12},"end":{"line":2,"column":52}},"type":"binary-expr","locations":[{"start":{"line":2,"column":12},"end":{"line":2,"column":32}},{"start":{"line":2,"column":36},"end":{"line":2,"column":52}}],"line":2},"1":{"loc":{"start":{"line":6,"column":9},"end":{"line":6,"column":46}},"type":"binary-expr","locations":[{"start":{"line":6,"column":9},"end":{"line":6,"column":28}},{"start":{"line":6,"column":32},"end":{"line":6,"column":46}}],"line":6},"2":{"loc":{"start":{"line":10,"column":9},"end":{"line":10,"column":46}},"type":"binary-expr","locations":[{"start":{"line":10,"column":9},"end":{"line":10,"column":28}},{"start":{"line":10,"column":32},"end":{"line":10,"column":46}}],"line":10},"3":{"loc":{"start":{"line":15,"column":4},"end":{"line":18,"column":30}},"type":"binary-expr","locations":[{"start":{"line":15,"column":4},"end":{"line":15,"column":29}},{"start":{"line":16,"column":4},"end":{"line":16,"column":29}},{"start":{"line":17,"column":4},"end":{"line":17,"column":29}},{"start":{"line":18,"column":4},"end":{"line":18,"column":30}}],"line":15},"4":{"loc":{"start":{"line":31,"column":9},"end":{"line":31,"column":48}},"type":"binary-expr","locations":[{"start":{"line":31,"column":9},"end":{"line":31,"column":21}},{"start":{"line":31,"column":25},"end":{"line":31,"column":48}}],"line":31}},"s":{"0":2,"1":3,"2":2,"3":8,"4":2,"5":8,"6":2,"7":0,"8":2,"9":0,"10":2,"11":0,"12":2,"13":0},"f":{"0":3,"1":8,"2":8,"3":0,"4":0,"5":0,"6":0},"b":{"0":[3,1],"1":[8,7],"2":[8,7],"3":[0,0,0,0],"4":[0,0]},"_coverageSchema":"43e27e138ebf9cfc5966b082cf9a028302ed4184","hash":"f49821b0166ff5ed84abca22490e0005074143f9"}
,"F:\\Kodia\\GitHub\\vue-fitness-progression\\src\\utils\\limit-validators.js": {"path":"F:\\Kodia\\GitHub\\vue-fitness-progression\\src\\utils\\limit-validators.js","statementMap":{"0":{"start":{"line":4,"column":2},"end":{"line":4,"column":49}},"1":{"start":{"line":8,"column":2},"end":{"line":8,"column":48}},"2":{"start":{"line":12,"column":2},"end":{"line":12,"column":50}},"3":{"start":{"line":16,"column":2},"end":{"line":16,"column":46}},"4":{"start":{"line":20,"column":2},"end":{"line":20,"column":38}},"5":{"start":{"line":24,"column":2},"end":{"line":24,"column":45}},"6":{"start":{"line":28,"column":2},"end":{"line":28,"column":38}}},"fnMap":{"0":{"name":"isWithinStoredExercisesLimit","decl":{"start":{"line":3,"column":16},"end":{"line":3,"column":44}},"loc":{"start":{"line":3,"column":53},"end":{"line":5,"column":1}},"line":3},"1":{"name":"isWithinStoredWorkoutsLimit","decl":{"start":{"line":7,"column":16},"end":{"line":7,"column":43}},"loc":{"start":{"line":7,"column":52},"end":{"line":9,"column":1}},"line":7},"2":{"name":"isWithinWorkoutExercisesLimit","decl":{"start":{"line":11,"column":16},"end":{"line":11,"column":45}},"loc":{"start":{"line":11,"column":54},"end":{"line":13,"column":1}},"line":11},"3":{"name":"isWithinExerciseSetsLimit","decl":{"start":{"line":15,"column":16},"end":{"line":15,"column":41}},"loc":{"start":{"line":15,"column":50},"end":{"line":17,"column":1}},"line":15},"4":{"name":"isWithinNameLimit","decl":{"start":{"line":19,"column":16},"end":{"line":19,"column":33}},"loc":{"start":{"line":19,"column":42},"end":{"line":21,"column":1}},"line":19},"5":{"name":"isWithinDescriptionLimit","decl":{"start":{"line":23,"column":16},"end":{"line":23,"column":40}},"loc":{"start":{"line":23,"column":49},"end":{"line":25,"column":1}},"line":23},"6":{"name":"isWithinNoteLimit","decl":{"start":{"line":27,"column":16},"end":{"line":27,"column":33}},"loc":{"start":{"line":27,"column":42},"end":{"line":29,"column":1}},"line":27}},"branchMap":{},"s":{"0":6,"1":6,"2":6,"3":6,"4":6,"5":6,"6":6},"f":{"0":6,"1":6,"2":6,"3":6,"4":6,"5":6,"6":6},"b":{},"_coverageSchema":"43e27e138ebf9cfc5966b082cf9a028302ed4184","hash":"a299fe1630ad9c20a82e934d99c759856e8394cb"}
,"F:\\Kodia\\GitHub\\vue-fitness-progression\\src\\utils\\store\\defaults.js": {"path":"F:\\Kodia\\GitHub\\vue-fitness-progression\\src\\utils\\store\\defaults.js","statementMap":{"0":{"start":{"line":11,"column":2},"end":{"line":11,"column":57}},"1":{"start":{"line":11,"column":42},"end":{"line":11,"column":57}},"2":{"start":{"line":12,"column":2},"end":{"line":12,"column":55}},"3":{"start":{"line":12,"column":41},"end":{"line":12,"column":55}},"4":{"start":{"line":13,"column":2},"end":{"line":13,"column":24}},"5":{"start":{"line":17,"column":2},"end":{"line":17,"column":57}},"6":{"start":{"line":17,"column":42},"end":{"line":17,"column":57}},"7":{"start":{"line":18,"column":2},"end":{"line":18,"column":25}},"8":{"start":{"line":22,"column":2},"end":{"line":24,"column":6}},"9":{"start":{"line":23,"column":11},"end":{"line":23,"column":55}},"10":{"start":{"line":28,"column":2},"end":{"line":127,"column":3}},"11":{"start":{"line":131,"column":2},"end":{"line":925,"column":3}}},"fnMap":{"0":{"name":"createDefaultWorkouts","decl":{"start":{"line":10,"column":16},"end":{"line":10,"column":37}},"loc":{"start":{"line":10,"column":40},"end":{"line":14,"column":1}},"line":10},"1":{"name":"createDefaultExercises","decl":{"start":{"line":16,"column":16},"end":{"line":16,"column":38}},"loc":{"start":{"line":16,"column":41},"end":{"line":19,"column":1}},"line":16},"2":{"name":"getExerciseIdByNameAndEquipment","decl":{"start":{"line":21,"column":9},"end":{"line":21,"column":40}},"loc":{"start":{"line":21,"column":58},"end":{"line":25,"column":1}},"line":21},"3":{"name":"(anonymous_3)","decl":{"start":{"line":23,"column":4},"end":{"line":23,"column":5}},"loc":{"start":{"line":23,"column":11},"end":{"line":23,"column":55}},"line":23},"4":{"name":"initWorkouts","decl":{"start":{"line":27,"column":9},"end":{"line":27,"column":21}},"loc":{"start":{"line":27,"column":24},"end":{"line":128,"column":1}},"line":27},"5":{"name":"initExercises","decl":{"start":{"line":130,"column":9},"end":{"line":130,"column":22}},"loc":{"start":{"line":130,"column":25},"end":{"line":926,"column":1}},"line":130}},"branchMap":{"0":{"loc":{"start":{"line":11,"column":2},"end":{"line":11,"column":57}},"type":"if","locations":[{"start":{"line":11,"column":2},"end":{"line":11,"column":57}},{"start":{"line":11,"column":2},"end":{"line":11,"column":57}}],"line":11},"1":{"loc":{"start":{"line":12,"column":2},"end":{"line":12,"column":55}},"type":"if","locations":[{"start":{"line":12,"column":2},"end":{"line":12,"column":55}},{"start":{"line":12,"column":2},"end":{"line":12,"column":55}}],"line":12},"2":{"loc":{"start":{"line":17,"column":2},"end":{"line":17,"column":57}},"type":"if","locations":[{"start":{"line":17,"column":2},"end":{"line":17,"column":57}},{"start":{"line":17,"column":2},"end":{"line":17,"column":57}}],"line":17},"3":{"loc":{"start":{"line":23,"column":11},"end":{"line":23,"column":55}},"type":"binary-expr","locations":[{"start":{"line":23,"column":11},"end":{"line":23,"column":26}},{"start":{"line":23,"column":30},"end":{"line":23,"column":55}}],"line":23}},"s":{"0":1,"1":0,"2":1,"3":1,"4":1,"5":1,"6":1,"7":1,"8":35,"9":1026,"10":1,"11":1},"f":{"0":1,"1":1,"2":35,"3":1026,"4":1,"5":1},"b":{"0":[0,1],"1":[1,0],"2":[1,0],"3":[1026,37]},"_coverageSchema":"43e27e138ebf9cfc5966b082cf9a028302ed4184","hash":"260d2a1c95784ecbd26feebe6cc8640bcd6455df"}
,"F:\\Kodia\\GitHub\\vue-fitness-progression\\src\\utils\\store\\local-storage.js": {"path":"F:\\Kodia\\GitHub\\vue-fitness-progression\\src\\utils\\store\\local-storage.js","statementMap":{"0":{"start":{"line":2,"column":15},"end":{"line":2,"column":35}},"1":{"start":{"line":3,"column":2},"end":{"line":3,"column":34}},"2":{"start":{"line":7,"column":2},"end":{"line":7,"column":47}}},"fnMap":{"0":{"name":"setLocalStorage","decl":{"start":{"line":1,"column":16},"end":{"line":1,"column":31}},"loc":{"start":{"line":1,"column":44},"end":{"line":4,"column":1}},"line":1},"1":{"name":"getLocalStorage","decl":{"start":{"line":6,"column":16},"end":{"line":6,"column":31}},"loc":{"start":{"line":6,"column":38},"end":{"line":8,"column":1}},"line":6}},"branchMap":{},"s":{"0":0,"1":0,"2":0},"f":{"0":0,"1":0},"b":{},"_coverageSchema":"43e27e138ebf9cfc5966b082cf9a028302ed4184","hash":"51247b41ef7f7851cec5dd4b9e8daefebe6b32d2"}
}
