TN:
SF:F:\Kodia\GitHub\vue-fitness-progression\src\constants\globals.js
FNF:0
FNH:0
DA:1,4
DA:18,4
DA:34,4
DA:43,4
DA:48,4
DA:57,4
DA:59,4
DA:69,4
DA:78,4
DA:85,4
DA:94,4
DA:96,4
DA:101,4
DA:103,4
LF:14
LH:14
BRF:0
BRH:0
end_of_record
TN:
SF:F:\Kodia\GitHub\vue-fitness-progression\src\models\Exercise.js
FN:5,(anonymous_0)
FNF:1
FNH:1
FNDA:77,(anonymous_0)
DA:14,77
DA:15,77
DA:16,77
DA:17,77
LF:4
LH:4
BRDA:5,0,0,1
BRDA:10,1,0,1
BRDA:11,2,0,1
BRDA:12,3,0,1
BRF:4
BRH:4
end_of_record
TN:
SF:F:\Kodia\GitHub\vue-fitness-progression\src\models\ExerciseInput.js
FN:4,(anonymous_0)
FNF:1
FNH:1
FNDA:186,(anonymous_0)
DA:5,186
DA:6,186
LF:2
LH:2
BRDA:4,0,0,1
BRDA:4,1,0,1
BRDA:4,2,0,99
BRF:3
BRH:3
end_of_record
TN:
SF:F:\Kodia\GitHub\vue-fitness-progression\src\models\ExerciseRecord.js
FN:4,(anonymous_0)
FNF:1
FNH:1
FNDA:2,(anonymous_0)
DA:5,2
DA:6,2
DA:7,2
LF:3
LH:3
BRDA:4,0,0,1
BRDA:4,1,0,1
BRDA:4,2,0,1
BRF:3
BRH:3
end_of_record
TN:
SF:F:\Kodia\GitHub\vue-fitness-progression\src\models\ExerciseSet.js
FN:2,(anonymous_0)
FNF:1
FNH:1
FNDA:2,(anonymous_0)
DA:3,2
DA:4,2
DA:5,2
DA:6,2
LF:4
LH:4
BRDA:2,0,0,1
BRDA:2,1,0,1
BRDA:2,2,0,1
BRDA:2,3,0,1
BRDA:2,4,0,1
BRF:5
BRH:5
end_of_record
TN:
SF:F:\Kodia\GitHub\vue-fitness-progression\src\models\Workout.js
FN:4,(anonymous_0)
FNF:1
FNH:1
FNDA:7,(anonymous_0)
DA:11,7
DA:12,7
LF:2
LH:2
BRDA:4,0,0,1
BRDA:9,1,0,1
BRF:2
BRH:2
end_of_record
TN:
SF:F:\Kodia\GitHub\vue-fitness-progression\src\models\WorkoutRecord.js
FN:4,(anonymous_0)
FNF:1
FNH:1
FNDA:2,(anonymous_0)
DA:5,2
DA:6,2
DA:7,2
LF:3
LH:3
BRDA:4,0,0,1
BRDA:4,1,0,1
BRDA:4,2,0,1
BRF:3
BRH:3
end_of_record
TN:
SF:F:\Kodia\GitHub\vue-fitness-progression\src\models\_Activity.js
FN:4,(anonymous_0)
FNF:1
FNH:1
FNDA:86,(anonymous_0)
DA:10,86
DA:11,86
DA:12,86
DA:13,86
LF:4
LH:4
BRDA:4,0,0,1
BRDA:6,1,0,3
BRDA:7,2,0,3
BRDA:8,3,0,83
BRF:4
BRH:4
end_of_record
TN:
SF:F:\Kodia\GitHub\vue-fitness-progression\src\models\_Entity.js
FN:4,(anonymous_0)
FNF:1
FNH:1
FNDA:94,(anonymous_0)
DA:5,94
LF:1
LH:1
BRDA:4,0,0,1
BRDA:4,1,0,87
BRF:2
BRH:2
end_of_record
TN:
SF:F:\Kodia\GitHub\vue-fitness-progression\src\models\_Record.js
FN:4,(anonymous_0)
FNF:1
FNH:1
FNDA:6,(anonymous_0)
DA:5,6
DA:6,6
DA:7,6
LF:3
LH:3
BRDA:4,0,0,1
BRDA:4,1,0,3
BRDA:4,2,0,3
BRF:3
BRH:3
end_of_record
TN:
SF:F:\Kodia\GitHub\vue-fitness-progression\src\utils\common.js
FN:1,(anonymous_0)
FN:5,(anonymous_1)
FN:9,(anonymous_2)
FN:13,(anonymous_3)
FN:22,(anonymous_4)
FN:26,(anonymous_5)
FN:30,(anonymous_6)
FNF:7
FNH:3
FNDA:3,(anonymous_0)
FNDA:8,(anonymous_1)
FNDA:8,(anonymous_2)
FNDA:0,(anonymous_3)
FNDA:0,(anonymous_4)
FNDA:0,(anonymous_5)
FNDA:0,(anonymous_6)
DA:1,2
DA:2,3
DA:5,2
DA:6,8
DA:9,2
DA:10,8
DA:13,2
DA:14,0
DA:22,2
DA:23,0
DA:26,2
DA:27,0
DA:30,2
DA:31,0
LF:14
LH:10
BRDA:2,0,0,3
BRDA:2,0,1,1
BRDA:6,1,0,8
BRDA:6,1,1,7
BRDA:10,2,0,8
BRDA:10,2,1,7
BRDA:15,3,0,0
BRDA:15,3,1,0
BRDA:15,3,2,0
BRDA:15,3,3,0
BRDA:31,4,0,0
BRDA:31,4,1,0
BRF:12
BRH:6
end_of_record
TN:
SF:F:\Kodia\GitHub\vue-fitness-progression\src\utils\limit-validators.js
FN:3,isWithinStoredExercisesLimit
FN:7,isWithinStoredWorkoutsLimit
FN:11,isWithinWorkoutExercisesLimit
FN:15,isWithinExerciseSetsLimit
FN:19,isWithinNameLimit
FN:23,isWithinDescriptionLimit
FN:27,isWithinNoteLimit
FNF:7
FNH:7
FNDA:6,isWithinStoredExercisesLimit
FNDA:6,isWithinStoredWorkoutsLimit
FNDA:6,isWithinWorkoutExercisesLimit
FNDA:6,isWithinExerciseSetsLimit
FNDA:6,isWithinNameLimit
FNDA:6,isWithinDescriptionLimit
FNDA:6,isWithinNoteLimit
DA:4,6
DA:8,6
DA:12,6
DA:16,6
DA:20,6
DA:24,6
DA:28,6
LF:7
LH:7
BRF:0
BRH:0
end_of_record
TN:
SF:F:\Kodia\GitHub\vue-fitness-progression\src\utils\store\defaults.js
FN:10,createDefaultWorkouts
FN:16,createDefaultExercises
FN:21,getExerciseIdByNameAndEquipment
FN:23,(anonymous_3)
FN:27,initWorkouts
FN:130,initExercises
FNF:6
FNH:6
FNDA:1,createDefaultWorkouts
FNDA:1,createDefaultExercises
FNDA:35,getExerciseIdByNameAndEquipment
FNDA:1026,(anonymous_3)
FNDA:1,initWorkouts
FNDA:1,initExercises
DA:11,1
DA:12,1
DA:13,1
DA:17,1
DA:18,1
DA:22,35
DA:23,1026
DA:28,1
DA:131,1
LF:9
LH:9
BRDA:11,0,0,0
BRDA:11,0,1,1
BRDA:12,1,0,1
BRDA:12,1,1,0
BRDA:17,2,0,1
BRDA:17,2,1,0
BRDA:23,3,0,1026
BRDA:23,3,1,37
BRF:8
BRH:5
end_of_record
TN:
SF:F:\Kodia\GitHub\vue-fitness-progression\src\utils\store\local-storage.js
FN:1,setLocalStorage
FN:6,getLocalStorage
FNF:2
FNH:0
FNDA:0,setLocalStorage
FNDA:0,getLocalStorage
DA:2,0
DA:3,0
DA:7,0
LF:3
LH:0
BRF:0
BRH:0
end_of_record
